d:\gmgdevelopment\programmingworks\yenisfml\sfmlbomberman-main\x64\release\vc143.pdb
d:\gmgdevelopment\programmingworks\yenisfml\sfmlbomberman-main\x64\release\map_1.obj
d:\gmgdevelopment\programmingworks\yenisfml\sfmlbomberman-main\x64\release\mapobject.obj
d:\gmgdevelopment\programmingworks\yenisfml\sfmlbomberman-main\x64\release\main.obj
d:\gmgdevelopment\programmingworks\yenisfml\sfmlbomberman-main\x64\release\level_1.obj
d:\gmgdevelopment\programmingworks\yenisfml\sfmlbomberman-main\x64\release\levelmanager.obj
d:\gmgdevelopment\programmingworks\yenisfml\sfmlbomberman-main\x64\release\healthbar.obj
d:\gmgdevelopment\programmingworks\yenisfml\sfmlbomberman-main\x64\release\gameendstate.obj
d:\gmgdevelopment\programmingworks\yenisfml\sfmlbomberman-main\x64\release\game.obj
d:\gmgdevelopment\programmingworks\yenisfml\sfmlbomberman-main\x64\release\eventmanager.obj
d:\gmgdevelopment\programmingworks\yenisfml\sfmlbomberman-main\x64\release\firstcharacter.obj
d:\gmgdevelopment\programmingworks\yenisfml\sfmlbomberman-main\x64\release\explosion.obj
d:\gmgdevelopment\programmingworks\yenisfml\sfmlbomberman-main\x64\release\enums.obj
d:\gmgdevelopment\programmingworks\yenisfml\sfmlbomberman-main\x64\release\destructible.obj
d:\gmgdevelopment\programmingworks\yenisfml\sfmlbomberman-main\x64\release\damageable.obj
d:\gmgdevelopment\programmingworks\yenisfml\sfmlbomberman-main\x64\release\creditsstate.obj
d:\gmgdevelopment\programmingworks\yenisfml\sfmlbomberman-main\x64\release\collider.obj
d:\gmgdevelopment\programmingworks\yenisfml\sfmlbomberman-main\x64\release\collidable.obj
d:\gmgdevelopment\programmingworks\yenisfml\sfmlbomberman-main\x64\release\characterbase.obj
d:\gmgdevelopment\programmingworks\yenisfml\sfmlbomberman-main\x64\release\button.obj
d:\gmgdevelopment\programmingworks\yenisfml\sfmlbomberman-main\x64\release\bomb.obj
d:\gmgdevelopment\programmingworks\yenisfml\sfmlbomberman-main\x64\release\window.obj
d:\gmgdevelopment\programmingworks\yenisfml\sfmlbomberman-main\x64\release\wall.obj
d:\gmgdevelopment\programmingworks\yenisfml\sfmlbomberman-main\x64\release\spritesheet.obj
d:\gmgdevelopment\programmingworks\yenisfml\sfmlbomberman-main\x64\release\secondplayer.obj
d:\gmgdevelopment\programmingworks\yenisfml\sfmlbomberman-main\x64\release\pausedstate.obj
d:\gmgdevelopment\programmingworks\yenisfml\sfmlbomberman-main\x64\release\gamestatemanager.obj
d:\gmgdevelopment\programmingworks\yenisfml\sfmlbomberman-main\x64\release\mainmenustate.obj
d:\gmgdevelopment\programmingworks\yenisfml\sfmlbomberman-main\x64\release\introstate.obj
d:\gmgdevelopment\programmingworks\yenisfml\sfmlbomberman-main\x64\release\playstate.obj
d:\gmgdevelopment\programmingworks\yenisfml\sfmlbomberman-main\x64\release\player.obj
d:\gmgdevelopment\programmingworks\yenisfml\sfmlbomberman-main\x64\release\sfmlbomberman.ipdb
d:\gmgdevelopment\programmingworks\yenisfml\sfmlbomberman-main\x64\release\sfmlbomberman.iobj
d:\gmgdevelopment\programmingworks\yenisfml\sfmlbomberman-main\x64\release\sfmlbomberman.exe
d:\gmgdevelopment\programmingworks\yenisfml\sfmlbomberman-main\x64\release\sfmlbomberman.pdb
d:\gmgdevelopment\programmingworks\yenisfml\sfmlbomberman-main\x64\release\sfmlbomberman.res
d:\gmgdevelopment\programmingworks\yenisfml\sfmlbomberman-main\x64\release\sfmlbomberman.tlog\cl.command.1.tlog
d:\gmgdevelopment\programmingworks\yenisfml\sfmlbomberman-main\x64\release\sfmlbomberman.tlog\cl.items.tlog
d:\gmgdevelopment\programmingworks\yenisfml\sfmlbomberman-main\x64\release\sfmlbomberman.tlog\cl.read.1.tlog
d:\gmgdevelopment\programmingworks\yenisfml\sfmlbomberman-main\x64\release\sfmlbomberman.tlog\cl.write.1.tlog
d:\gmgdevelopment\programmingworks\yenisfml\sfmlbomberman-main\x64\release\sfmlbomberman.tlog\link.command.1.tlog
d:\gmgdevelopment\programmingworks\yenisfml\sfmlbomberman-main\x64\release\sfmlbomberman.tlog\link.read.1.tlog
d:\gmgdevelopment\programmingworks\yenisfml\sfmlbomberman-main\x64\release\sfmlbomberman.tlog\link.write.1.tlog
d:\gmgdevelopment\programmingworks\yenisfml\sfmlbomberman-main\x64\release\sfmlbomberman.tlog\link.write.2u.tlog
d:\gmgdevelopment\programmingworks\yenisfml\sfmlbomberman-main\x64\release\sfmlbomberman.tlog\rc.command.1.tlog
d:\gmgdevelopment\programmingworks\yenisfml\sfmlbomberman-main\x64\release\sfmlbomberman.tlog\rc.read.1.tlog
d:\gmgdevelopment\programmingworks\yenisfml\sfmlbomberman-main\x64\release\sfmlbomberman.tlog\rc.write.1.tlog
