C:\Program Files\Microsoft Visual Studio\2022\Community\MSBuild\Microsoft\VC\v170\Microsoft.CppBuild.targets(531,5): warning MSB8028: The intermediate directory (x64\Release\) contains files shared from another project (SFML-GameDev-Learning.vcxproj).  This can lead to incorrect clean and rebuild behavior.
  Bomb.cpp
D:\GMGDevelopment\ProgrammingWorks\YeniSFML\SFMLBomberman-main\Bomb.cpp(14,13): warning C4244: 'initializing': conversion from 'int' to 'float', possible loss of data
D:\GMGDevelopment\ProgrammingWorks\YeniSFML\SFMLBomberman-main\Bomb.cpp(15,13): warning C4244: 'initializing': conversion from 'int' to 'float', possible loss of data
C:\Program Files\Microsoft Visual Studio\2022\Community\VC\Tools\MSVC\14.36.32532\include\utility(247,54): warning C4244: 'initializing': conversion from '_Ty' to '_Ty2', possible loss of data
          with
          [
              _Ty=int
          ]
          and
          [
              _Ty2=float
          ]
D:\GMGDevelopment\ProgrammingWorks\YeniSFML\SFMLBomberman-main\Explosion.h(37,3): message : see reference to function template instantiation 'std::pair<const Direction2D,float>::pair<Direction2D,int,0>(_Other1 &&,_Other2 &&) noexcept' being compiled
          with
          [
              _Other1=Direction2D,
              _Other2=int
          ]
  Button.cpp
  CharacterBase.cpp
C:\Program Files\Microsoft Visual Studio\2022\Community\VC\Tools\MSVC\14.36.32532\include\utility(247,54): warning C4244: 'initializing': conversion from '_Ty' to '_Ty2', possible loss of data
          with
          [
              _Ty=int
          ]
          and
          [
              _Ty2=float
          ]
D:\GMGDevelopment\ProgrammingWorks\YeniSFML\SFMLBomberman-main\Explosion.h(37,3): message : see reference to function template instantiation 'std::pair<const Direction2D,float>::pair<Direction2D,int,0>(_Other1 &&,_Other2 &&) noexcept' being compiled
          with
          [
              _Other1=Direction2D,
              _Other2=int
          ]
  Collidable.cpp
  Collider.cpp
  CreditsState.cpp
D:\GMGDevelopment\ProgrammingWorks\YeniSFML\SFMLBomberman-main\CreditsState.cpp(13,20): warning C4244: 'initializing': conversion from 'T' to 'float', possible loss of data
          with
          [
              T=unsigned int
          ]
D:\GMGDevelopment\ProgrammingWorks\YeniSFML\SFMLBomberman-main\CreditsState.cpp(14,20): warning C4244: 'initializing': conversion from 'T' to 'float', possible loss of data
          with
          [
              T=unsigned int
          ]
  Damageable.cpp
  Destructible.cpp
  Enums.cpp
  Explosion.cpp
C:\Program Files\Microsoft Visual Studio\2022\Community\VC\Tools\MSVC\14.36.32532\include\utility(247,54): warning C4244: 'initializing': conversion from '_Ty' to '_Ty2', possible loss of data
          with
          [
              _Ty=int
          ]
          and
          [
              _Ty2=float
          ]
D:\GMGDevelopment\ProgrammingWorks\YeniSFML\SFMLBomberman-main\Explosion.h(37,3): message : see reference to function template instantiation 'std::pair<const Direction2D,float>::pair<Direction2D,int,0>(_Other1 &&,_Other2 &&) noexcept' being compiled
          with
          [
              _Other1=Direction2D,
              _Other2=int
          ]
D:\GMGDevelopment\ProgrammingWorks\YeniSFML\SFMLBomberman-main\Explosion.h(36,21): message : see the first reference to 'std::pair<const Direction2D,float>::pair' in 'Explosion::Explosion'
  FirstCharacter.cpp
C:\Program Files\Microsoft Visual Studio\2022\Community\VC\Tools\MSVC\14.36.32532\include\utility(247,54): warning C4244: 'initializing': conversion from '_Ty' to '_Ty2', possible loss of data
          with
          [
              _Ty=int
          ]
          and
          [
              _Ty2=float
          ]
D:\GMGDevelopment\ProgrammingWorks\YeniSFML\SFMLBomberman-main\Explosion.h(37,3): message : see reference to function template instantiation 'std::pair<const Direction2D,float>::pair<Direction2D,int,0>(_Other1 &&,_Other2 &&) noexcept' being compiled
          with
          [
              _Other1=Direction2D,
              _Other2=int
          ]
  EventManager.cpp
D:\GMGDevelopment\ProgrammingWorks\YeniSFML\SFMLBomberman-main\EventManager.cpp(229,12): warning C4267: 'initializing': conversion from 'size_t' to 'int', possible loss of data
  Game.cpp
C:\Program Files\Microsoft Visual Studio\2022\Community\VC\Tools\MSVC\14.36.32532\include\utility(247,54): warning C4244: 'initializing': conversion from '_Ty' to '_Ty2', possible loss of data
          with
          [
              _Ty=int
          ]
          and
          [
              _Ty2=float
          ]
D:\GMGDevelopment\ProgrammingWorks\YeniSFML\SFMLBomberman-main\Explosion.h(37,3): message : see reference to function template instantiation 'std::pair<const Direction2D,float>::pair<Direction2D,int,0>(_Other1 &&,_Other2 &&) noexcept' being compiled
          with
          [
              _Other1=Direction2D,
              _Other2=int
          ]
  GameEndState.cpp
D:\GMGDevelopment\ProgrammingWorks\YeniSFML\SFMLBomberman-main\GameEndState.cpp(15,20): warning C4244: 'initializing': conversion from 'T' to 'float', possible loss of data
          with
          [
              T=unsigned int
          ]
D:\GMGDevelopment\ProgrammingWorks\YeniSFML\SFMLBomberman-main\GameEndState.cpp(16,20): warning C4244: 'initializing': conversion from 'T' to 'float', possible loss of data
          with
          [
              T=unsigned int
          ]
  HealthBar.cpp
  LevelManager.cpp
  Level_1.cpp
C:\Program Files\Microsoft Visual Studio\2022\Community\VC\Tools\MSVC\14.36.32532\include\utility(247,54): warning C4244: 'initializing': conversion from '_Ty' to '_Ty2', possible loss of data
          with
          [
              _Ty=int
          ]
          and
          [
              _Ty2=float
          ]
D:\GMGDevelopment\ProgrammingWorks\YeniSFML\SFMLBomberman-main\Explosion.h(37,3): message : see reference to function template instantiation 'std::pair<const Direction2D,float>::pair<Direction2D,int,0>(_Other1 &&,_Other2 &&) noexcept' being compiled
          with
          [
              _Other1=Direction2D,
              _Other2=int
          ]
  main.cpp
C:\Program Files\Microsoft Visual Studio\2022\Community\VC\Tools\MSVC\14.36.32532\include\utility(247,54): warning C4244: 'initializing': conversion from '_Ty' to '_Ty2', possible loss of data
          with
          [
              _Ty=int
          ]
          and
          [
              _Ty2=float
          ]
D:\GMGDevelopment\ProgrammingWorks\YeniSFML\SFMLBomberman-main\Explosion.h(37,3): message : see reference to function template instantiation 'std::pair<const Direction2D,float>::pair<Direction2D,int,0>(_Other1 &&,_Other2 &&) noexcept' being compiled
          with
          [
              _Other1=Direction2D,
              _Other2=int
          ]
  MapObject.cpp
  Map_1.cpp
C:\Program Files\Microsoft Visual Studio\2022\Community\VC\Tools\MSVC\14.36.32532\include\utility(247,54): warning C4244: 'initializing': conversion from '_Ty' to '_Ty2', possible loss of data
          with
          [
              _Ty=int
          ]
          and
          [
              _Ty2=float
          ]
D:\GMGDevelopment\ProgrammingWorks\YeniSFML\SFMLBomberman-main\Explosion.h(37,3): message : see reference to function template instantiation 'std::pair<const Direction2D,float>::pair<Direction2D,int,0>(_Other1 &&,_Other2 &&) noexcept' being compiled
          with
          [
              _Other1=Direction2D,
              _Other2=int
          ]
  Compiling...
  Player.cpp
C:\Program Files\Microsoft Visual Studio\2022\Community\VC\Tools\MSVC\14.36.32532\include\utility(247,54): warning C4244: 'initializing': conversion from '_Ty' to '_Ty2', possible loss of data
          with
          [
              _Ty=int
          ]
          and
          [
              _Ty2=float
          ]
D:\GMGDevelopment\ProgrammingWorks\YeniSFML\SFMLBomberman-main\Explosion.h(37,3): message : see reference to function template instantiation 'std::pair<const Direction2D,float>::pair<Direction2D,int,0>(_Other1 &&,_Other2 &&) noexcept' being compiled
          with
          [
              _Other1=Direction2D,
              _Other2=int
          ]
  PlayState.cpp
C:\Program Files\Microsoft Visual Studio\2022\Community\VC\Tools\MSVC\14.36.32532\include\utility(247,54): warning C4244: 'initializing': conversion from '_Ty' to '_Ty2', possible loss of data
          with
          [
              _Ty=int
          ]
          and
          [
              _Ty2=float
          ]
D:\GMGDevelopment\ProgrammingWorks\YeniSFML\SFMLBomberman-main\Explosion.h(37,3): message : see reference to function template instantiation 'std::pair<const Direction2D,float>::pair<Direction2D,int,0>(_Other1 &&,_Other2 &&) noexcept' being compiled
          with
          [
              _Other1=Direction2D,
              _Other2=int
          ]
  IntroState.cpp
  MainMenuState.cpp
D:\GMGDevelopment\ProgrammingWorks\YeniSFML\SFMLBomberman-main\MainMenuState.cpp(12,20): warning C4244: 'initializing': conversion from 'T' to 'float', possible loss of data
          with
          [
              T=unsigned int
          ]
D:\GMGDevelopment\ProgrammingWorks\YeniSFML\SFMLBomberman-main\MainMenuState.cpp(13,20): warning C4244: 'initializing': conversion from 'T' to 'float', possible loss of data
          with
          [
              T=unsigned int
          ]
  GameStateManager.cpp
  PausedState.cpp
  SecondPlayer.cpp
C:\Program Files\Microsoft Visual Studio\2022\Community\VC\Tools\MSVC\14.36.32532\include\utility(247,54): warning C4244: 'initializing': conversion from '_Ty' to '_Ty2', possible loss of data
          with
          [
              _Ty=int
          ]
          and
          [
              _Ty2=float
          ]
D:\GMGDevelopment\ProgrammingWorks\YeniSFML\SFMLBomberman-main\Explosion.h(37,3): message : see reference to function template instantiation 'std::pair<const Direction2D,float>::pair<Direction2D,int,0>(_Other1 &&,_Other2 &&) noexcept' being compiled
          with
          [
              _Other1=Direction2D,
              _Other2=int
          ]
  SpriteSheet.cpp
  Wall.cpp
  Window.cpp
  Generating code
  Previous IPDB not found, fall back to full compilation.
  All 3217 functions were compiled because no usable IPDB/IOBJ from previous compilation was found.
  Finished generating code
  SFML-GameDev-Learning.vcxproj -> D:\GMGDevelopment\ProgrammingWorks\YeniSFML\SFMLBomberman-main\x64\Release\SFMLBomberman.exe
