d:\gmgdevelopment\programmingworks\sfmlprojects\sfmlbomberman-main\x64\debug\vc143.pdb
d:\gmgdevelopment\programmingworks\sfmlprojects\sfmlbomberman-main\x64\debug\vc143.idb
d:\gmgdevelopment\programmingworks\sfmlprojects\sfmlbomberman-main\x64\debug\playstate.obj
d:\gmgdevelopment\programmingworks\sfmlprojects\sfmlbomberman-main\x64\debug\player.obj
d:\gmgdevelopment\programmingworks\sfmlprojects\sfmlbomberman-main\x64\debug\map_1.obj
d:\gmgdevelopment\programmingworks\sfmlprojects\sfmlbomberman-main\x64\debug\mapobject.obj
d:\gmgdevelopment\programmingworks\sfmlprojects\sfmlbomberman-main\x64\debug\main.obj
d:\gmgdevelopment\programmingworks\sfmlprojects\sfmlbomberman-main\x64\debug\level_1.obj
d:\gmgdevelopment\programmingworks\sfmlprojects\sfmlbomberman-main\x64\debug\levelmanager.obj
d:\gmgdevelopment\programmingworks\sfmlprojects\sfmlbomberman-main\x64\debug\healthbar.obj
d:\gmgdevelopment\programmingworks\sfmlprojects\sfmlbomberman-main\x64\debug\gameendstate.obj
d:\gmgdevelopment\programmingworks\sfmlprojects\sfmlbomberman-main\x64\debug\game.obj
d:\gmgdevelopment\programmingworks\sfmlprojects\sfmlbomberman-main\x64\debug\eventmanager.obj
d:\gmgdevelopment\programmingworks\sfmlprojects\sfmlbomberman-main\x64\debug\firstcharacter.obj
d:\gmgdevelopment\programmingworks\sfmlprojects\sfmlbomberman-main\x64\debug\explosion.obj
d:\gmgdevelopment\programmingworks\sfmlprojects\sfmlbomberman-main\x64\debug\destructible.obj
d:\gmgdevelopment\programmingworks\sfmlprojects\sfmlbomberman-main\x64\debug\damageable.obj
d:\gmgdevelopment\programmingworks\sfmlprojects\sfmlbomberman-main\x64\debug\creditsstate.obj
d:\gmgdevelopment\programmingworks\sfmlprojects\sfmlbomberman-main\x64\debug\collider.obj
d:\gmgdevelopment\programmingworks\sfmlprojects\sfmlbomberman-main\x64\debug\collidable.obj
d:\gmgdevelopment\programmingworks\sfmlprojects\sfmlbomberman-main\x64\debug\characterbase.obj
d:\gmgdevelopment\programmingworks\sfmlprojects\sfmlbomberman-main\x64\debug\bomb.obj
d:\gmgdevelopment\programmingworks\sfmlprojects\sfmlbomberman-main\x64\debug\window.obj
d:\gmgdevelopment\programmingworks\sfmlprojects\sfmlbomberman-main\x64\debug\wall.obj
d:\gmgdevelopment\programmingworks\sfmlprojects\sfmlbomberman-main\x64\debug\secondplayer.obj
d:\gmgdevelopment\programmingworks\sfmlprojects\sfmlbomberman-main\x64\debug\pausedstate.obj
d:\gmgdevelopment\programmingworks\sfmlprojects\sfmlbomberman-main\x64\debug\gamestatemanager.obj
d:\gmgdevelopment\programmingworks\sfmlprojects\sfmlbomberman-main\x64\debug\mainmenustate.obj
d:\gmgdevelopment\programmingworks\sfmlprojects\sfmlbomberman-main\x64\debug\introstate.obj
d:\gmgdevelopment\programmingworks\yenisfml\sfmlbomberman-main\x64\debug\sfmlbomberman.exe
d:\gmgdevelopment\programmingworks\yenisfml\sfmlbomberman-main\x64\debug\sfmlbomberman.ilk
d:\gmgdevelopment\programmingworks\yenisfml\sfmlbomberman-main\x64\debug\sfmlbomberman.pdb
d:\gmgdevelopment\programmingworks\sfmlprojects\sfmlbomberman-main\x64\debug\sfmlbomberman.exe
d:\gmgdevelopment\programmingworks\sfmlprojects\sfmlbomberman-main\x64\debug\sfmlbomberman.ilk
d:\gmgdevelopment\programmingworks\sfmlprojects\sfmlbomberman-main\x64\debug\sfmlbomberman.pdb
d:\gmgdevelopment\programmingworks\yenisfml\sfmlbomberman-main\x64\debug\sfmlbomberman.res
d:\gmgdevelopment\programmingworks\sfmlprojects\sfmlbomberman-main\x64\debug\sfmlbomberman.res
d:\gmgdevelopment\programmingworks\sfmlprojects\sfmlbomberman-main\x64\debug\button.obj
d:\gmgdevelopment\programmingworks\sfmlprojects\sfmlbomberman-main\x64\debug\enums.obj
d:\gmgdevelopment\programmingworks\sfmlprojects\sfmlbomberman-main\x64\debug\spritesheet.obj
d:\gmgdevelopment\programmingworks\sfmlprojects\sfmlbomberman-main\x64\debug\sfmlbomberman.tlog\cl.command.1.tlog
d:\gmgdevelopment\programmingworks\sfmlprojects\sfmlbomberman-main\x64\debug\sfmlbomberman.tlog\cl.items.tlog
d:\gmgdevelopment\programmingworks\sfmlprojects\sfmlbomberman-main\x64\debug\sfmlbomberman.tlog\cl.read.1.tlog
d:\gmgdevelopment\programmingworks\sfmlprojects\sfmlbomberman-main\x64\debug\sfmlbomberman.tlog\cl.write.1.tlog
d:\gmgdevelopment\programmingworks\sfmlprojects\sfmlbomberman-main\x64\debug\sfmlbomberman.tlog\link.command.1.tlog
d:\gmgdevelopment\programmingworks\sfmlprojects\sfmlbomberman-main\x64\debug\sfmlbomberman.tlog\link.read.1.tlog
d:\gmgdevelopment\programmingworks\sfmlprojects\sfmlbomberman-main\x64\debug\sfmlbomberman.tlog\link.write.1.tlog
d:\gmgdevelopment\programmingworks\sfmlprojects\sfmlbomberman-main\x64\debug\sfmlbomberman.tlog\rc.command.1.tlog
d:\gmgdevelopment\programmingworks\sfmlprojects\sfmlbomberman-main\x64\debug\sfmlbomberman.tlog\rc.read.1.tlog
d:\gmgdevelopment\programmingworks\sfmlprojects\sfmlbomberman-main\x64\debug\sfmlbomberman.tlog\rc.write.1.tlog
